\BOOKMARK [1][-]{section.1}{Introduction}{}% 1
\BOOKMARK [1][-]{section.2}{Background}{}% 2
\BOOKMARK [2][-]{subsection.2.1}{Referential coordination}{section.2}% 3
\BOOKMARK [3][-]{subsubsection.2.1.1}{Game theoretic approaches}{subsection.2.1}% 4
\BOOKMARK [3][-]{subsubsection.2.1.2}{Psycholinguistic approaches}{subsection.2.1}% 5
\BOOKMARK [3][-]{subsubsection.2.1.3}{Rohde et al. \(2012\)}{subsection.2.1}% 6
\BOOKMARK [2][-]{subsection.2.2}{Particle swarm optimization}{section.2}% 7
\BOOKMARK [3][-]{subsubsection.2.2.1}{Overview}{subsection.2.2}% 8
\BOOKMARK [3][-]{subsubsection.2.2.2}{Previous work}{subsection.2.2}% 9
\BOOKMARK [3][-]{subsubsection.2.2.3}{Formulation and parameters}{subsection.2.2}% 10
\BOOKMARK [1][-]{section.3}{Methods}{}% 11
\BOOKMARK [2][-]{subsection.3.1}{Search space}{section.3}% 12
\BOOKMARK [2][-]{subsection.3.2}{Objective function}{section.3}% 13
\BOOKMARK [2][-]{subsection.3.3}{PSO parameter optimization}{section.3}% 14
\BOOKMARK [1][-]{section.4}{Results and discussion}{}% 15
\BOOKMARK [2][-]{subsection.4.1}{Meta-optimization task}{section.4}% 16
\BOOKMARK [2][-]{subsection.4.2}{Comparison against baseline}{section.4}% 17
\BOOKMARK [2][-]{subsection.4.3}{Predictions from optimized model}{section.4}% 18
\BOOKMARK [3][-]{subsubsection.4.3.1}{Cost and reward variation}{subsection.4.3}% 19
\BOOKMARK [3][-]{subsubsection.4.3.2}{Variation of discourse context after entrainment}{subsection.4.3}% 20
\BOOKMARK [1][-]{section.5}{Conclusion}{}% 21
